[0.000000] (-) TimerEvent: {}
[0.001890] (-) JobUnselected: {'identifier': 'bringup'}
[0.002528] (-) JobUnselected: {'identifier': 'computer_vision'}
[0.002626] (-) JobUnselected: {'identifier': 'controllers'}
[0.002708] (-) JobUnselected: {'identifier': 'motion_planning'}
[0.002788] (-) JobUnselected: {'identifier': 'moveit_config'}
[0.002869] (-) JobUnselected: {'identifier': 'my_cobot_hardware_interface'}
[0.002949] (-) JobUnselected: {'identifier': 'robot_description'}
[0.003036] (my_cobot_interfaces) JobQueued: {'identifier': 'my_cobot_interfaces', 'dependencies': OrderedDict()}
[0.003128] (my_cobot_interfaces) JobStarted: {'identifier': 'my_cobot_interfaces'}
[0.097350] (-) TimerEvent: {}
[0.102175] (my_cobot_interfaces) JobProgress: {'identifier': 'my_cobot_interfaces', 'progress': 'cmake'}
[0.105870] (my_cobot_interfaces) JobProgress: {'identifier': 'my_cobot_interfaces', 'progress': 'build'}
[0.109699] (my_cobot_interfaces) Command: {'cmd': ['/usr/bin/cmake', '--build', '/home/lance/robot/build/my_cobot_interfaces', '--', '-j4', '-l4'], 'cwd': '/home/lance/robot/build/my_cobot_interfaces', 'env': OrderedDict([('LESSOPEN', '| /usr/bin/lesspipe %s'), ('USER', 'lance'), ('XDG_SESSION_TYPE', 'wayland'), ('SHLVL', '1'), ('LD_LIBRARY_PATH', '/home/lance/robot/install/my_cobot_interfaces/lib:/opt/ros/humble/opt/rviz_ogre_vendor/lib:/opt/ros/humble/lib/aarch64-linux-gnu:/opt/ros/humble/lib'), ('HOME', '/home/lance'), ('OLDPWD', '/home/lance/robot/src'), ('DESKTOP_SESSION', 'ubuntu'), ('ROS_PYTHON_VERSION', '3'), ('GNOME_SHELL_SESSION_MODE', 'ubuntu'), ('GTK_MODULES', 'gail:atk-bridge'), ('SYSTEMD_EXEC_PID', '1258'), ('DBUS_SESSION_BUS_ADDRESS', 'unix:path=/run/user/1000/bus'), ('COLORTERM', 'truecolor'), ('IM_CONFIG_PHASE', '1'), ('WAYLAND_DISPLAY', 'wayland-0'), ('COLCON_PREFIX_PATH', '/home/lance/moveit2_ws/install:/home/lance/robot/install'), ('ROS_DISTRO', 'humble'), ('LOGNAME', 'lance'), ('_', '/usr/bin/colcon'), ('ROS_VERSION', '2'), ('XDG_SESSION_CLASS', 'user'), ('USERNAME', 'lance'), ('TERM', 'xterm-256color'), ('GNOME_DESKTOP_SESSION_ID', 'this-is-deprecated'), ('ROS_LOCALHOST_ONLY', '0'), ('PATH', '/opt/ros/humble/bin:/home/lance/.local/bin:/usr/local/sbin:/usr/local/bin:/usr/sbin:/usr/bin:/sbin:/bin:/usr/games:/usr/local/games:/snap/bin:/snap/bin'), ('SESSION_MANAGER', 'local/lance-desktop:@/tmp/.ICE-unix/1228,unix/lance-desktop:/tmp/.ICE-unix/1228'), ('XDG_MENU_PREFIX', 'gnome-'), ('GNOME_TERMINAL_SCREEN', '/org/gnome/Terminal/screen/7847ff92_331b_4869_856f_5916f3d89580'), ('GNOME_SETUP_DISPLAY', ':1'), ('XDG_RUNTIME_DIR', '/run/user/1000'), ('DISPLAY', ':0'), ('LANG', 'en_US.UTF-8'), ('XDG_CURRENT_DESKTOP', 'ubuntu:GNOME'), ('RMW_IMPLEMENTATION', 'rmw_cyclonedds_cpp'), ('XMODIFIERS', '@im=ibus'), ('XDG_SESSION_DESKTOP', 'ubuntu'), ('XAUTHORITY', '/run/user/1000/.mutter-Xwaylandauth.5BAS61'), ('LS_COLORS', 'rs=0:di=01;34:ln=01;36:mh=00:pi=40;33:so=01;35:do=01;35:bd=40;33;01:cd=40;33;01:or=40;31;01:mi=00:su=37;41:sg=30;43:ca=30;41:tw=30;42:ow=34;42:st=37;44:ex=01;32:*.tar=01;31:*.tgz=01;31:*.arc=01;31:*.arj=01;31:*.taz=01;31:*.lha=01;31:*.lz4=01;31:*.lzh=01;31:*.lzma=01;31:*.tlz=01;31:*.txz=01;31:*.tzo=01;31:*.t7z=01;31:*.zip=01;31:*.z=01;31:*.dz=01;31:*.gz=01;31:*.lrz=01;31:*.lz=01;31:*.lzo=01;31:*.xz=01;31:*.zst=01;31:*.tzst=01;31:*.bz2=01;31:*.bz=01;31:*.tbz=01;31:*.tbz2=01;31:*.tz=01;31:*.deb=01;31:*.rpm=01;31:*.jar=01;31:*.war=01;31:*.ear=01;31:*.sar=01;31:*.rar=01;31:*.alz=01;31:*.ace=01;31:*.zoo=01;31:*.cpio=01;31:*.7z=01;31:*.rz=01;31:*.cab=01;31:*.wim=01;31:*.swm=01;31:*.dwm=01;31:*.esd=01;31:*.jpg=01;35:*.jpeg=01;35:*.mjpg=01;35:*.mjpeg=01;35:*.gif=01;35:*.bmp=01;35:*.pbm=01;35:*.pgm=01;35:*.ppm=01;35:*.tga=01;35:*.xbm=01;35:*.xpm=01;35:*.tif=01;35:*.tiff=01;35:*.png=01;35:*.svg=01;35:*.svgz=01;35:*.mng=01;35:*.pcx=01;35:*.mov=01;35:*.mpg=01;35:*.mpeg=01;35:*.m2v=01;35:*.mkv=01;35:*.webm=01;35:*.webp=01;35:*.ogm=01;35:*.mp4=01;35:*.m4v=01;35:*.mp4v=01;35:*.vob=01;35:*.qt=01;35:*.nuv=01;35:*.wmv=01;35:*.asf=01;35:*.rm=01;35:*.rmvb=01;35:*.flc=01;35:*.avi=01;35:*.fli=01;35:*.flv=01;35:*.gl=01;35:*.dl=01;35:*.xcf=01;35:*.xwd=01;35:*.yuv=01;35:*.cgm=01;35:*.emf=01;35:*.ogv=01;35:*.ogx=01;35:*.aac=00;36:*.au=00;36:*.flac=00;36:*.m4a=00;36:*.mid=00;36:*.midi=00;36:*.mka=00;36:*.mp3=00;36:*.mpc=00;36:*.ogg=00;36:*.ra=00;36:*.wav=00;36:*.oga=00;36:*.opus=00;36:*.spx=00;36:*.xspf=00;36:'), ('GNOME_TERMINAL_SERVICE', ':1.165'), ('SSH_AGENT_LAUNCHER', 'gnome-keyring'), ('SSH_AUTH_SOCK', '/run/user/1000/keyring/ssh'), ('AMENT_PREFIX_PATH', '/home/lance/robot/install/moveit_config:/home/lance/robot/install/robot_description:/home/lance/robot/install/controllers:/home/lance/robot/install/my_cobot_interfaces:/home/lance/robot/install/motion_planning:/home/lance/robot/install/computer_vision:/home/lance/robot/install/bringup:/home/lance/moveit2_ws/install:/opt/ros/humble'), ('SHELL', '/bin/bash'), ('QT_ACCESSIBILITY', '1'), ('GDMSESSION', 'ubuntu'), ('LESSCLOSE', '/usr/bin/lesspipe %s %s'), ('QT_IM_MODULE', 'ibus'), ('PWD', '/home/lance/robot/build/my_cobot_interfaces'), ('XDG_CONFIG_DIRS', '/etc/xdg/xdg-ubuntu:/etc/xdg'), ('XDG_DATA_DIRS', '/usr/share/ubuntu:/usr/local/share/:/usr/share/:/var/lib/snapd/desktop'), ('PYTHONPATH', '/home/lance/robot/build/robot_description:/home/lance/robot/install/robot_description/lib/python3.10/site-packages:/home/lance/robot/build/controllers:/home/lance/robot/install/controllers/lib/python3.10/site-packages:/home/lance/robot/install/my_cobot_interfaces/local/lib/python3.10/dist-packages:/home/lance/robot/build/motion_planning:/home/lance/robot/install/motion_planning/lib/python3.10/site-packages:/home/lance/robot/build/computer_vision:/home/lance/robot/install/computer_vision/lib/python3.10/site-packages:/home/lance/robot/build/bringup:/home/lance/robot/install/bringup/lib/python3.10/site-packages:/home/lance/moveit2_ws/install/local/lib/python3.10/dist-packages:/opt/ros/humble/lib/python3.10/site-packages:/opt/ros/humble/local/lib/python3.10/dist-packages'), ('COLCON', '1'), ('VTE_VERSION', '6800'), ('CMAKE_PREFIX_PATH', '/home/lance/robot/install/moveit_config:/home/lance/robot/install/my_cobot_interfaces:/home/lance/moveit2_ws/install:/home/lance/robot/install/robot_description:/home/lance/robot/install/controllers:/home/lance/robot/install/motion_planning:/home/lance/robot/install/computer_vision:/home/lance/robot/install/bringup:/opt/ros/humble')]), 'shell': False}
[0.197628] (-) TimerEvent: {}
[0.298453] (-) TimerEvent: {}
[0.394674] (my_cobot_interfaces) StdoutLine: {'line': b'[  2%] Built target my_cobot_interfaces__cpp\n'}
[0.398666] (-) TimerEvent: {}
[0.405953] (my_cobot_interfaces) StdoutLine: {'line': b'[ 12%] Built target my_cobot_interfaces__rosidl_generator_c\n'}
[0.435985] (my_cobot_interfaces) StdoutLine: {'line': b'[ 12%] Built target ament_cmake_python_symlink_my_cobot_interfaces\n'}
[0.498981] (-) TimerEvent: {}
[0.529503] (my_cobot_interfaces) StdoutLine: {'line': b'[ 23%] Built target my_cobot_interfaces__rosidl_typesupport_fastrtps_cpp\n'}
[0.537121] (my_cobot_interfaces) StdoutLine: {'line': b'[ 34%] Built target my_cobot_interfaces__rosidl_typesupport_introspection_cpp\n'}
[0.550589] (my_cobot_interfaces) StdoutLine: {'line': b'[ 44%] Built target my_cobot_interfaces__rosidl_typesupport_cpp\n'}
[0.580392] (my_cobot_interfaces) StdoutLine: {'line': b'[ 55%] Built target my_cobot_interfaces__rosidl_typesupport_fastrtps_c\n'}
[0.599222] (-) TimerEvent: {}
[0.662876] (my_cobot_interfaces) StdoutLine: {'line': b'[ 70%] Built target my_cobot_interfaces__rosidl_typesupport_introspection_c\n'}
[0.664017] (my_cobot_interfaces) StdoutLine: {'line': b'[ 76%] Built target my_cobot_interfaces__rosidl_typesupport_c\n'}
[0.699526] (-) TimerEvent: {}
[0.763377] (my_cobot_interfaces) StdoutLine: {'line': b'[ 76%] Built target my_cobot_interfaces\n'}
[0.799855] (-) TimerEvent: {}
[0.865011] (my_cobot_interfaces) StdoutLine: {'line': b'[ 78%] Built target my_cobot_interfaces__py\n'}
[0.900093] (-) TimerEvent: {}
[0.974862] (my_cobot_interfaces) StdoutLine: {'line': b'[ 87%] Built target my_cobot_interfaces__rosidl_generator_py\n'}
[1.000320] (-) TimerEvent: {}
[1.098832] (my_cobot_interfaces) StdoutLine: {'line': b'[ 91%] Built target my_cobot_interfaces__rosidl_typesupport_introspection_c__pyext\n'}
[1.101013] (-) TimerEvent: {}
[1.105481] (my_cobot_interfaces) StdoutLine: {'line': b'[ 95%] Built target my_cobot_interfaces__rosidl_typesupport_c__pyext\n'}
[1.119187] (my_cobot_interfaces) StdoutLine: {'line': b'[100%] Built target my_cobot_interfaces__rosidl_typesupport_fastrtps_c__pyext\n'}
[1.201155] (-) TimerEvent: {}
[1.301793] (-) TimerEvent: {}
[1.402428] (-) TimerEvent: {}
[1.503067] (-) TimerEvent: {}
[1.603689] (-) TimerEvent: {}
[1.704376] (-) TimerEvent: {}
[1.805040] (-) TimerEvent: {}
[1.905753] (-) TimerEvent: {}
[2.006407] (-) TimerEvent: {}
[2.107078] (-) TimerEvent: {}
[2.119418] (my_cobot_interfaces) StdoutLine: {'line': b'running egg_info\n'}
[2.122048] (my_cobot_interfaces) StdoutLine: {'line': b'writing my_cobot_interfaces.egg-info/PKG-INFO\n'}
[2.123278] (my_cobot_interfaces) StdoutLine: {'line': b'writing dependency_links to my_cobot_interfaces.egg-info/dependency_links.txt\n'}
[2.124405] (my_cobot_interfaces) StdoutLine: {'line': b'writing top-level names to my_cobot_interfaces.egg-info/top_level.txt\n'}
[2.136549] (my_cobot_interfaces) StdoutLine: {'line': b"reading manifest file 'my_cobot_interfaces.egg-info/SOURCES.txt'\n"}
[2.139742] (my_cobot_interfaces) StdoutLine: {'line': b"writing manifest file 'my_cobot_interfaces.egg-info/SOURCES.txt'\n"}
[2.207377] (-) TimerEvent: {}
[2.287962] (my_cobot_interfaces) StdoutLine: {'line': b'[100%] Built target ament_cmake_python_build_my_cobot_interfaces_egg\n'}
[2.307591] (-) TimerEvent: {}
[2.334090] (my_cobot_interfaces) CommandEnded: {'returncode': 0}
[2.407822] (-) TimerEvent: {}
[2.508474] (-) TimerEvent: {}
[2.609149] (-) TimerEvent: {}
[2.710082] (-) TimerEvent: {}
[2.810844] (-) TimerEvent: {}
[2.911520] (-) TimerEvent: {}
[2.953674] (my_cobot_interfaces) StderrLine: {'line': b'Traceback (most recent call last):\n  File "/usr/lib/python3/dist-packages/colcon_parallel_executor/executor/parallel.py", line 67, in execute\n    loop.run_until_complete(future)\n  File "/usr/lib/python3.10/asyncio/base_events.py", line 633, in run_until_complete\n    self.run_forever()\n  File "/usr/lib/python3.10/asyncio/base_events.py", line 600, in run_forever\n    self._run_once()\n  File "/usr/lib/python3.10/asyncio/base_events.py", line 1860, in _run_once\n    event_list = self._selector.select(timeout)\n  File "/usr/lib/python3.10/selectors.py", line 469, in select\n    fd_event_list = self._selector.poll(timeout, max_ev)\nKeyboardInterrupt\n\nDuring handling of the above exception, another exception occurred:\n\nTraceback (most recent call last):\n  File "/usr/lib/python3/dist-packages/colcon_core/executor/__init__.py", line 91, in __call__\n    rc = await self.task(*args, **kwargs)\n  File "/usr/lib/python3/dist-packages/colcon_core/task/__init__.py", line 93, in __call__\n    return await task_method(*args, **kwargs)\n  File "/usr/lib/python3/dist-packages/colcon_ros/task/ament_cmake/build.py", line 59, in build\n    rc = await extension.build(\n  File "/usr/lib/python3/dist-packages/colcon_cmake/task/cmake/build.py", line 110, in build\n    if await has_target(args.build_base, \'install\'):\n  File "/usr/lib/python3/dist-packages/colcon_cmake/task/cmake/__init__.py", line 57, in has_target\n    return target in await get_makefile_targets(path)\n  File "/usr/lib/python3/dist-packages/colcon_cmake/task/cmake/__init__.py", line 77, in get_makefile_targets\n    output = await check_output([\n  File "/usr/lib/python3/dist-packages/colcon_core/subprocess.py", line 128, in check_output\n    assert not rc, f\'Expected {args} to pass: {stderr_data}\'\nAssertionError: Expected [\'/usr/bin/cmake\', \'--build\', \'/home/lance/robot/build/my_cobot_interfaces\', \'--target\', \'help\'] to pass: gmake: *** [Makefile:1161: help] Interrupt\n\n'}
[2.954856] (my_cobot_interfaces) JobEnded: {'identifier': 'my_cobot_interfaces', 'rc': 'SIGINT'}
[2.965757] (-) EventReactorShutdown: {}
