[0.135s] Invoking command in '/home/lance/robot/build/my_cobot_hardware_interface': CMAKE_PREFIX_PATH=/home/lance/robot/install/my_cobot_interfaces:/home/lance/robot/install/moveit_config:/home/lance/moveit2_ws/install:/home/lance/robot/install/robot_description:/home/lance/robot/install/controllers:/home/lance/robot/install/motion_planning:/home/lance/robot/install/computer_vision:/home/lance/robot/install/bringup:/opt/ros/humble /usr/bin/cmake --build /home/lance/robot/build/my_cobot_hardware_interface -- -j4 -l4
[0.391s] [35m[1mConsolidate compiler generated dependencies of target my_cobot_hardware_interface[0m
[0.498s] [ 50%] [32mBuilding CXX object CMakeFiles/my_cobot_hardware_interface.dir/src/MyCobotHardwareInterface.cpp.o[0m
[13.892s] [01m[K/home/lance/robot/src/my_cobot_hardware_interface/src/MyCobotHardwareInterface.cpp:40:72:[m[K [01;31m[Kerror: [m[Kvirt-specifiers in â€˜[01m[Kread[m[Kâ€™ not allowed outside a class definition
[13.893s]    40 |                                        const rclcpp::Duration& period) [01;31m[Koverride[m[K
[13.893s]       |                                                                        [01;31m[K^~~~~~~~[m[K
[13.923s] [01m[K/home/lance/robot/src/my_cobot_hardware_interface/src/MyCobotHardwareInterface.cpp:[m[K In function â€˜[01m[Khardware_interface::return_type my_cobot_hardware_interface::read(const rclcpp::Time&, const rclcpp::Duration&)[m[Kâ€™:
[13.924s] [01m[K/home/lance/robot/src/my_cobot_hardware_interface/src/MyCobotHardwareInterface.cpp:44:19:[m[K [01;31m[Kerror: [m[Kâ€˜[01m[Kget_radians_client_[m[Kâ€™ was not declared in this scope
[13.924s]    44 |     auto future = [01;31m[Kget_radians_client_[m[K->async_send_request(request);
[13.925s]       |                   [01;31m[K^~~~~~~~~~~~~~~~~~~[m[K
[13.938s] [01m[K/home/lance/robot/src/my_cobot_hardware_interface/src/MyCobotHardwareInterface.cpp:45:40:[m[K [01;31m[Kerror: [m[Kâ€˜[01m[Knode_[m[Kâ€™ was not declared in this scope; did you mean â€˜[01m[Kmode_t[m[Kâ€™?
[13.938s]    45 |     rclcpp::spin_until_future_complete([01;31m[Knode_[m[K, future);
[13.939s]       |                                        [01;31m[K^~~~~[m[K
[13.939s]       |                                        [32m[Kmode_t[m[K
[13.956s] [01m[K/home/lance/robot/src/my_cobot_hardware_interface/src/MyCobotHardwareInterface.cpp:50:38:[m[K [01;31m[Kerror: [m[Kâ€˜[01m[Kjoint_names_[m[Kâ€™ was not declared in this scope
[13.956s]    50 |       if (response->angles.size() == [01;31m[Kjoint_names_[m[K.size())
[13.957s]       |                                      [01;31m[K^~~~~~~~~~~~[m[K
[13.983s] [01m[K/home/lance/robot/src/my_cobot_hardware_interface/src/MyCobotHardwareInterface.cpp:54:11:[m[K [01;31m[Kerror: [m[Kâ€˜[01m[Kjoint_state_variable_[m[Kâ€™ was not declared in this scope
[13.984s]    54 |           [01;31m[Kjoint_state_variable_[m[K[i] = response->angles[i];
[13.984s]       |           [01;31m[K^~~~~~~~~~~~~~~~~~~~~[m[K
[13.985s] [01m[K/home/lance/robot/src/my_cobot_hardware_interface/src/MyCobotHardwareInterface.cpp:[m[K At global scope:
[13.986s] [01m[K/home/lance/robot/src/my_cobot_hardware_interface/src/MyCobotHardwareInterface.cpp:64:73:[m[K [01;31m[Kerror: [m[Kvirt-specifiers in â€˜[01m[Kwrite[m[Kâ€™ not allowed outside a class definition
[13.986s]    64 |                                         const rclcpp::Duration& period) [01;31m[Koverride[m[K
[13.987s]       |                                                                         [01;31m[K^~~~~~~~[m[K
[14.004s] [01m[K/home/lance/robot/src/my_cobot_hardware_interface/src/MyCobotHardwareInterface.cpp:[m[K In function â€˜[01m[Khardware_interface::return_type my_cobot_hardware_interface::write(const rclcpp::Time&, const rclcpp::Duration&)[m[Kâ€™:
[14.005s] [01m[K/home/lance/robot/src/my_cobot_hardware_interface/src/MyCobotHardwareInterface.cpp:67:28:[m[K [01;31m[Kerror: [m[Kâ€˜[01m[Kjoint_names_[m[Kâ€™ was not declared in this scope
[14.008s]    67 |     request->joint_names = [01;31m[Kjoint_names_[m[K;
[14.011s]       |                            [01;31m[K^~~~~~~~~~~~[m[K
[14.042s] [01m[K/home/lance/robot/src/my_cobot_hardware_interface/src/MyCobotHardwareInterface.cpp:68:28:[m[K [01;31m[Kerror: [m[Kâ€˜[01m[Kjoint_command_variable_[m[Kâ€™ was not declared in this scope
[14.043s]    68 |     request->angles.resize([01;31m[Kjoint_command_variable_[m[K.size());
[14.044s]       |                            [01;31m[K^~~~~~~~~~~~~~~~~~~~~~~[m[K
[14.070s] [01m[K/home/lance/robot/src/my_cobot_hardware_interface/src/MyCobotHardwareInterface.cpp:75:19:[m[K [01;31m[Kerror: [m[Kâ€˜[01m[Kset_radians_client_[m[Kâ€™ was not declared in this scope
[14.072s]    75 |     auto future = [01;31m[Kset_radians_client_[m[K->async_send_request(request);
[14.073s]       |                   [01;31m[K^~~~~~~~~~~~~~~~~~~[m[K
[14.086s] [01m[K/home/lance/robot/src/my_cobot_hardware_interface/src/MyCobotHardwareInterface.cpp:76:40:[m[K [01;31m[Kerror: [m[Kâ€˜[01m[Knode_[m[Kâ€™ was not declared in this scope; did you mean â€˜[01m[Kmode_t[m[Kâ€™?
[14.087s]    76 |     rclcpp::spin_until_future_complete([01;31m[Knode_[m[K, future);
[14.087s]       |                                        [01;31m[K^~~~~[m[K
[14.088s]       |                                        [32m[Kmode_t[m[K
[14.088s] [01m[K/home/lance/robot/src/my_cobot_hardware_interface/src/MyCobotHardwareInterface.cpp:[m[K At global scope:
[14.089s] [01m[K/home/lance/robot/src/my_cobot_hardware_interface/src/MyCobotHardwareInterface.cpp:90:1:[m[K [01;31m[Kerror: [m[Kexpected unqualified-id before â€˜[01m[Kprivate[m[Kâ€™
[14.090s]    90 | [01;31m[Kprivate[m[K:
[14.090s]       | [01;31m[K^~~~~~~[m[K
[17.823s] gmake[2]: *** [CMakeFiles/my_cobot_hardware_interface.dir/build.make:76: CMakeFiles/my_cobot_hardware_interface.dir/src/MyCobotHardwareInterface.cpp.o] Error 1
[17.824s] gmake[1]: *** [CMakeFiles/Makefile2:137: CMakeFiles/my_cobot_hardware_interface.dir/all] Error 2
[17.825s] gmake: *** [Makefile:146: all] Error 2
[17.832s] Invoked command in '/home/lance/robot/build/my_cobot_hardware_interface' returned '2': CMAKE_PREFIX_PATH=/home/lance/robot/install/my_cobot_interfaces:/home/lance/robot/install/moveit_config:/home/lance/moveit2_ws/install:/home/lance/robot/install/robot_description:/home/lance/robot/install/controllers:/home/lance/robot/install/motion_planning:/home/lance/robot/install/computer_vision:/home/lance/robot/install/bringup:/opt/ros/humble /usr/bin/cmake --build /home/lance/robot/build/my_cobot_hardware_interface -- -j4 -l4
