[1.432s] Invoking command in '/home/lance/robot/build/my_cobot_control': CMAKE_PREFIX_PATH=/home/lance/robot/install/my_cobot_interfaces:/home/lance/robot/install/moveit_config:/home/lance/robot/install/description:/home/lance/robot/install/robot_description:/home/lance/robot/install/controllers:/home/lance/robot/install/motion_planning:/opt/ros/humble /usr/bin/cmake /home/lance/robot/src/my_cobot_control -DCMAKE_INSTALL_PREFIX=/home/lance/robot/install/my_cobot_control
[1.724s] -- The C compiler identification is GNU 11.3.0
[2.006s] -- The CXX compiler identification is GNU 11.3.0
[2.038s] -- Detecting C compiler ABI info
[2.381s] -- Detecting C compiler ABI info - done
[2.407s] -- Check for working C compiler: /usr/bin/cc - skipped
[2.408s] -- Detecting C compile features
[2.414s] -- Detecting C compile features - done
[2.424s] -- Detecting CXX compiler ABI info
[2.808s] -- Detecting CXX compiler ABI info - done
[2.838s] -- Check for working CXX compiler: /usr/bin/c++ - skipped
[2.838s] -- Detecting CXX compile features
[2.840s] -- Detecting CXX compile features - done
[2.877s] -- Found ament_cmake: 1.3.4 (/opt/ros/humble/share/ament_cmake/cmake)
[3.990s] -- Found Python3: /usr/bin/python3.10 (found version "3.10.6") found components: Interpreter 
[4.782s] -- Found rclcpp: 16.0.4 (/opt/ros/humble/share/rclcpp/cmake)
[5.327s] -- Found rosidl_generator_c: 3.1.4 (/opt/ros/humble/share/rosidl_generator_c/cmake)
[5.397s] -- Found rosidl_adapter: 3.1.4 (/opt/ros/humble/share/rosidl_adapter/cmake)
[5.477s] -- Found rosidl_generator_cpp: 3.1.4 (/opt/ros/humble/share/rosidl_generator_cpp/cmake)
[5.661s] -- Using all available rosidl_typesupport_c: rosidl_typesupport_fastrtps_c;rosidl_typesupport_introspection_c
[5.809s] -- Using all available rosidl_typesupport_cpp: rosidl_typesupport_fastrtps_cpp;rosidl_typesupport_introspection_cpp
[6.386s] -- Found rmw_implementation_cmake: 6.1.1 (/opt/ros/humble/share/rmw_implementation_cmake/cmake)
[6.429s] -- Found rmw_cyclonedds_cpp: 1.3.4 (/opt/ros/humble/share/rmw_cyclonedds_cpp/cmake)
[6.696s] -- Using RMW implementation 'rmw_cyclonedds_cpp' as default
[6.826s] -- Looking for pthread.h
[7.186s] -- Looking for pthread.h - found
[7.187s] -- Performing Test CMAKE_HAVE_LIBC_PTHREAD
[7.539s] -- Performing Test CMAKE_HAVE_LIBC_PTHREAD - Success
[7.543s] -- Found Threads: TRUE  
[8.356s] -- Found moveit_core: 2.5.4 (/opt/ros/humble/share/moveit_core/cmake)
[8.861s] -- Found Boost: /usr/lib/aarch64-linux-gnu/cmake/Boost-1.74.0/BoostConfig.cmake (found version "1.74.0") found components: chrono date_time filesystem iostreams program_options regex serialization system thread 
[9.007s] -- Found Boost: /usr/lib/aarch64-linux-gnu/cmake/Boost-1.74.0/BoostConfig.cmake (found version "1.74.0") found components: filesystem 
[10.256s] -- library: /usr/lib/aarch64-linux-gnu/libcurl.so
[13.142s] -- Found Eigen3: TRUE (found version "3.4.0") 
[13.142s] -- Ensuring Eigen3 include directory is part of orocos-kdl CMake target
[18.389s] -- Found moveit_ros_planning_interface: 2.5.4 (/opt/ros/humble/share/moveit_ros_planning_interface/cmake)
[18.411s] -- Found Boost: /usr/lib/aarch64-linux-gnu/cmake/Boost-1.74.0/BoostConfig.cmake (found version "1.74.0") found components: date_time filesystem program_options system thread 
[18.781s] -- Found Boost: /usr/lib/aarch64-linux-gnu/cmake/Boost-1.74.0/BoostConfig.cmake (found version "1.74.0") found components: system filesystem date_time program_options thread chrono 
[20.568s] -- Found Boost: /usr/lib/aarch64-linux-gnu/cmake/Boost-1.74.0/BoostConfig.cmake (found version "1.74.0") found components: thread system filesystem regex date_time program_options 
[21.734s] -- Found Boost: /usr/lib/aarch64-linux-gnu/cmake/Boost-1.74.0/BoostConfig.cmake (found version "1.74.0") found components: system filesystem date_time program_options thread 
[23.177s] -- Found my_cobot_interfaces: 0.0.0 (/home/lance/robot/install/my_cobot_interfaces/share/my_cobot_interfaces/cmake)
[23.327s] -- Found controller_interface: 2.26.0 (/opt/ros/humble/share/controller_interface/cmake)
[25.252s] -- Found ament_lint_auto: 0.12.6 (/opt/ros/humble/share/ament_lint_auto/cmake)
[25.794s] -- Added test 'cppcheck' to perform static code analysis on C / C++ code
[25.795s] -- Configured cppcheck include dirs: /home/lance/robot/src/my_cobot_control/include
[25.796s] -- Configured cppcheck exclude dirs and/or files: 
[25.802s] -- Added test 'lint_cmake' to check CMake code style
[25.812s] -- Added test 'uncrustify' to check C / C++ code style
[25.813s] -- Configured uncrustify additional arguments: 
[25.816s] -- Added test 'xmllint' to check XML markup files
[25.824s] -- Configuring done
[26.335s] -- Generating done
[26.344s] -- Build files have been written to: /home/lance/robot/build/my_cobot_control
[26.411s] Invoked command in '/home/lance/robot/build/my_cobot_control' returned '0': CMAKE_PREFIX_PATH=/home/lance/robot/install/my_cobot_interfaces:/home/lance/robot/install/moveit_config:/home/lance/robot/install/description:/home/lance/robot/install/robot_description:/home/lance/robot/install/controllers:/home/lance/robot/install/motion_planning:/opt/ros/humble /usr/bin/cmake /home/lance/robot/src/my_cobot_control -DCMAKE_INSTALL_PREFIX=/home/lance/robot/install/my_cobot_control
[26.421s] Invoking command in '/home/lance/robot/build/my_cobot_control': CMAKE_PREFIX_PATH=/home/lance/robot/install/my_cobot_interfaces:/home/lance/robot/install/moveit_config:/home/lance/robot/install/description:/home/lance/robot/install/robot_description:/home/lance/robot/install/controllers:/home/lance/robot/install/motion_planning:/opt/ros/humble /usr/bin/cmake --build /home/lance/robot/build/my_cobot_control -- -j4 -l4
[26.670s] [ 50%] [32mBuilding CXX object CMakeFiles/my_cobot_control.dir/src/my_cobot_hardware.cpp.o[0m
[26.741s] [01m[K/home/lance/robot/src/my_cobot_control/src/my_cobot_hardware.cpp:1:10:[m[K [01;31m[Kfatal error: [m[Kmy_cobot_hardware/my_cobot_hardware.hpp: No such file or directory
[26.741s]     1 | #include [01;31m[K"my_cobot_hardware/my_cobot_hardware.hpp"[m[K
[26.741s]       |          [01;31m[K^~~~~~~~~~~~~~~~~~~~~~~~~~~~~~~~~~~~~~~~~[m[K
[26.742s] compilation terminated.
[26.745s] gmake[2]: *** [CMakeFiles/my_cobot_control.dir/build.make:76: CMakeFiles/my_cobot_control.dir/src/my_cobot_hardware.cpp.o] Error 1
[26.746s] gmake[1]: *** [CMakeFiles/Makefile2:137: CMakeFiles/my_cobot_control.dir/all] Error 2
[26.747s] gmake: *** [Makefile:146: all] Error 2
[26.755s] Invoked command in '/home/lance/robot/build/my_cobot_control' returned '2': CMAKE_PREFIX_PATH=/home/lance/robot/install/my_cobot_interfaces:/home/lance/robot/install/moveit_config:/home/lance/robot/install/description:/home/lance/robot/install/robot_description:/home/lance/robot/install/controllers:/home/lance/robot/install/motion_planning:/opt/ros/humble /usr/bin/cmake --build /home/lance/robot/build/my_cobot_control -- -j4 -l4
