[0.112s] Invoking command in '/home/lance/robot/build/my_cobot_interfaces': CMAKE_PREFIX_PATH=${CMAKE_PREFIX_PATH}:/home/lance/robot/install/robot_description:/home/lance/robot/install/controllers:/home/lance/robot/install/motion_planning:/home/lance/robot/install/computer_vision:/home/lance/robot/install/bringup:/opt/ros/humble /usr/bin/cmake --build /home/lance/robot/build/my_cobot_interfaces -- -j4 -l4
[0.392s] [  2%] Built target my_cobot_interfaces__cpp
[0.403s] [ 12%] Built target my_cobot_interfaces__rosidl_generator_c
[0.434s] [ 12%] Built target ament_cmake_python_symlink_my_cobot_interfaces
[0.527s] [ 23%] Built target my_cobot_interfaces__rosidl_typesupport_fastrtps_cpp
[0.535s] [ 34%] Built target my_cobot_interfaces__rosidl_typesupport_introspection_cpp
[0.548s] [ 44%] Built target my_cobot_interfaces__rosidl_typesupport_cpp
[0.578s] [ 55%] Built target my_cobot_interfaces__rosidl_typesupport_fastrtps_c
[0.660s] [ 70%] Built target my_cobot_interfaces__rosidl_typesupport_introspection_c
[0.662s] [ 76%] Built target my_cobot_interfaces__rosidl_typesupport_c
[0.761s] [ 76%] Built target my_cobot_interfaces
[0.863s] [ 78%] Built target my_cobot_interfaces__py
[0.972s] [ 87%] Built target my_cobot_interfaces__rosidl_generator_py
[1.096s] [ 91%] Built target my_cobot_interfaces__rosidl_typesupport_introspection_c__pyext
[1.103s] [ 95%] Built target my_cobot_interfaces__rosidl_typesupport_c__pyext
[1.117s] [100%] Built target my_cobot_interfaces__rosidl_typesupport_fastrtps_c__pyext
[2.117s] running egg_info
[2.119s] writing my_cobot_interfaces.egg-info/PKG-INFO
[2.120s] writing dependency_links to my_cobot_interfaces.egg-info/dependency_links.txt
[2.122s] writing top-level names to my_cobot_interfaces.egg-info/top_level.txt
[2.134s] reading manifest file 'my_cobot_interfaces.egg-info/SOURCES.txt'
[2.137s] writing manifest file 'my_cobot_interfaces.egg-info/SOURCES.txt'
[2.285s] [100%] Built target ament_cmake_python_build_my_cobot_interfaces_egg
[2.332s] Invoked command in '/home/lance/robot/build/my_cobot_interfaces' returned '0': CMAKE_PREFIX_PATH=${CMAKE_PREFIX_PATH}:/home/lance/robot/install/robot_description:/home/lance/robot/install/controllers:/home/lance/robot/install/motion_planning:/home/lance/robot/install/computer_vision:/home/lance/robot/install/bringup:/opt/ros/humble /usr/bin/cmake --build /home/lance/robot/build/my_cobot_interfaces -- -j4 -l4
[2.951s] Traceback (most recent call last):
  File "/usr/lib/python3/dist-packages/colcon_parallel_executor/executor/parallel.py", line 67, in execute
    loop.run_until_complete(future)
  File "/usr/lib/python3.10/asyncio/base_events.py", line 633, in run_until_complete
    self.run_forever()
  File "/usr/lib/python3.10/asyncio/base_events.py", line 600, in run_forever
    self._run_once()
  File "/usr/lib/python3.10/asyncio/base_events.py", line 1860, in _run_once
    event_list = self._selector.select(timeout)
  File "/usr/lib/python3.10/selectors.py", line 469, in select
    fd_event_list = self._selector.poll(timeout, max_ev)
KeyboardInterrupt

During handling of the above exception, another exception occurred:

Traceback (most recent call last):
  File "/usr/lib/python3/dist-packages/colcon_core/executor/__init__.py", line 91, in __call__
    rc = await self.task(*args, **kwargs)
  File "/usr/lib/python3/dist-packages/colcon_core/task/__init__.py", line 93, in __call__
    return await task_method(*args, **kwargs)
  File "/usr/lib/python3/dist-packages/colcon_ros/task/ament_cmake/build.py", line 59, in build
    rc = await extension.build(
  File "/usr/lib/python3/dist-packages/colcon_cmake/task/cmake/build.py", line 110, in build
    if await has_target(args.build_base, 'install'):
  File "/usr/lib/python3/dist-packages/colcon_cmake/task/cmake/__init__.py", line 57, in has_target
    return target in await get_makefile_targets(path)
  File "/usr/lib/python3/dist-packages/colcon_cmake/task/cmake/__init__.py", line 77, in get_makefile_targets
    output = await check_output([
  File "/usr/lib/python3/dist-packages/colcon_core/subprocess.py", line 128, in check_output
    assert not rc, f'Expected {args} to pass: {stderr_data}'
AssertionError: Expected ['/usr/bin/cmake', '--build', '/home/lance/robot/build/my_cobot_interfaces', '--target', 'help'] to pass: gmake: *** [Makefile:1161: help] Interrupt

